2016-09-22 11:16:45,311 CRIT Supervisor running as root (no user in config file)
2016-09-22 11:16:45,316 INFO supervisord started with pid 1
2016-09-22 11:16:46,320 INFO spawned: 'httpd' with pid 7
2016-09-22 11:16:46,358 INFO exited: httpd (exit status 0; not expected)
2016-09-22 11:16:47,364 INFO spawned: 'httpd' with pid 19
2016-09-22 11:16:47,402 INFO exited: httpd (exit status 0; not expected)
2016-09-22 11:16:49,408 INFO spawned: 'httpd' with pid 22
2016-09-22 11:16:49,446 INFO exited: httpd (exit status 0; not expected)
2016-09-22 11:16:52,462 INFO spawned: 'httpd' with pid 25
2016-09-22 11:16:52,503 INFO exited: httpd (exit status 0; not expected)
2016-09-22 11:16:53,509 INFO gave up: httpd entered FATAL state, too many start retries too quickly
2016-09-22 11:18:23,225 WARN received SIGTERM indicating exit request
2016-09-22 11:18:29,741 CRIT Supervisor running as root (no user in config file)
2016-09-22 11:18:29,757 INFO supervisord started with pid 1
2016-09-22 11:18:30,762 INFO spawned: 'httpd' with pid 7
2016-09-22 11:18:30,801 INFO exited: httpd (exit status 0; not expected)
2016-09-22 11:18:31,810 INFO spawned: 'httpd' with pid 19
2016-09-22 11:18:31,847 INFO exited: httpd (exit status 0; not expected)
2016-09-22 11:18:33,853 INFO spawned: 'httpd' with pid 22
2016-09-22 11:18:33,892 INFO exited: httpd (exit status 0; not expected)
2016-09-22 11:18:36,906 INFO spawned: 'httpd' with pid 25
2016-09-22 11:18:36,942 INFO exited: httpd (exit status 0; not expected)
2016-09-22 11:18:37,947 INFO gave up: httpd entered FATAL state, too many start retries too quickly
2016-09-22 11:23:29,842 WARN received SIGTERM indicating exit request
2016-09-22 11:23:34,251 CRIT Supervisor running as root (no user in config file)
2016-09-22 11:23:34,262 INFO supervisord started with pid 1
2016-09-22 11:23:35,267 INFO spawned: 'httpd' with pid 7
2016-09-22 11:23:35,323 INFO exited: httpd (exit status 0; not expected)
2016-09-22 11:23:36,330 INFO spawned: 'httpd' with pid 19
2016-09-22 11:23:36,371 INFO exited: httpd (exit status 0; not expected)
2016-09-22 11:23:38,384 INFO spawned: 'httpd' with pid 22
2016-09-22 11:23:38,423 INFO exited: httpd (exit status 0; not expected)
2016-09-22 11:23:41,435 INFO spawned: 'httpd' with pid 25
2016-09-22 11:23:41,475 INFO exited: httpd (exit status 0; not expected)
2016-09-22 11:23:42,483 INFO gave up: httpd entered FATAL state, too many start retries too quickly
2016-09-22 11:25:49,624 WARN received SIGTERM indicating exit request
2016-09-22 13:56:03,877 CRIT Supervisor running as root (no user in config file)
2016-09-22 13:56:03,886 INFO supervisord started with pid 1
2016-09-22 13:56:04,890 INFO spawned: 'httpd' with pid 7
2016-09-22 13:56:05,177 INFO exited: httpd (exit status 0; not expected)
2016-09-22 13:56:06,184 INFO spawned: 'httpd' with pid 19
2016-09-22 13:56:06,220 INFO exited: httpd (exit status 0; not expected)
2016-09-22 13:56:08,231 INFO spawned: 'httpd' with pid 22
2016-09-22 13:56:08,268 INFO exited: httpd (exit status 0; not expected)
2016-09-22 13:56:11,276 INFO spawned: 'httpd' with pid 25
2016-09-22 13:56:11,312 INFO exited: httpd (exit status 0; not expected)
2016-09-22 13:56:12,316 INFO gave up: httpd entered FATAL state, too many start retries too quickly
2016-09-22 14:13:11,694 WARN received SIGTERM indicating exit request
2016-09-22 14:17:51,338 CRIT Supervisor running as root (no user in config file)
2016-09-22 14:17:51,351 INFO supervisord started with pid 1
2016-09-22 14:17:52,355 INFO spawned: 'httpd' with pid 7
2016-09-22 14:17:52,392 INFO exited: httpd (exit status 0; not expected)
2016-09-22 14:17:53,398 INFO spawned: 'httpd' with pid 19
2016-09-22 14:17:53,435 INFO exited: httpd (exit status 0; not expected)
2016-09-22 14:17:55,441 INFO spawned: 'httpd' with pid 22
2016-09-22 14:17:55,477 INFO exited: httpd (exit status 0; not expected)
2016-09-22 14:17:58,491 INFO spawned: 'httpd' with pid 25
2016-09-22 14:17:58,526 INFO exited: httpd (exit status 0; not expected)
2016-09-22 14:17:59,529 INFO gave up: httpd entered FATAL state, too many start retries too quickly
2016-09-22 14:28:46,281 CRIT Supervisor running as root (no user in config file)
2016-09-22 14:28:46,293 INFO supervisord started with pid 1
2016-09-22 14:28:47,302 INFO spawned: 'httpd' with pid 8
2016-09-22 14:28:47,494 INFO exited: httpd (exit status 0; not expected)
2016-09-22 14:28:48,503 INFO spawned: 'httpd' with pid 11
2016-09-22 14:28:48,547 INFO exited: httpd (exit status 0; not expected)
2016-09-22 14:28:50,559 INFO spawned: 'httpd' with pid 23
2016-09-22 14:28:50,599 INFO exited: httpd (exit status 0; not expected)
2016-09-22 14:28:53,606 INFO spawned: 'httpd' with pid 26
2016-09-22 14:28:53,643 INFO exited: httpd (exit status 0; not expected)
2016-09-22 14:28:54,647 INFO gave up: httpd entered FATAL state, too many start retries too quickly
2016-09-22 14:44:09,349 WARN received SIGTERM indicating exit request
2016-09-22 14:44:20,191 CRIT Supervisor running as root (no user in config file)
2016-09-22 14:44:20,211 INFO supervisord started with pid 1
2016-09-22 14:44:21,215 INFO spawned: 'httpd' with pid 8
2016-09-22 14:44:21,279 INFO exited: httpd (exit status 0; not expected)
2016-09-22 14:44:22,285 INFO spawned: 'httpd' with pid 20
2016-09-22 14:44:22,326 INFO exited: httpd (exit status 0; not expected)
2016-09-22 14:44:24,330 INFO spawned: 'httpd' with pid 23
2016-09-22 14:44:24,364 INFO exited: httpd (exit status 0; not expected)
2016-09-22 14:44:27,375 INFO spawned: 'httpd' with pid 26
2016-09-22 14:44:27,409 INFO exited: httpd (exit status 0; not expected)
2016-09-22 14:44:28,412 INFO gave up: httpd entered FATAL state, too many start retries too quickly
2016-09-22 14:45:57,458 WARN received SIGTERM indicating exit request
2016-09-22 14:46:01,760 CRIT Supervisor running as root (no user in config file)
2016-09-22 14:46:01,767 INFO supervisord started with pid 1
2016-09-22 14:46:02,775 INFO spawned: 'httpd' with pid 7
2016-09-22 14:46:02,814 INFO exited: httpd (exit status 0; not expected)
2016-09-22 14:46:03,823 INFO spawned: 'httpd' with pid 19
2016-09-22 14:46:03,866 INFO exited: httpd (exit status 0; not expected)
2016-09-22 14:46:05,871 INFO spawned: 'httpd' with pid 39
2016-09-22 14:46:05,920 INFO exited: httpd (exit status 0; not expected)
2016-09-22 14:46:08,929 INFO spawned: 'httpd' with pid 42
2016-09-22 14:46:08,991 INFO exited: httpd (exit status 0; not expected)
2016-09-22 14:46:09,998 INFO gave up: httpd entered FATAL state, too many start retries too quickly
2016-09-22 14:48:40,751 WARN received SIGTERM indicating exit request
2016-09-22 14:48:44,881 CRIT Supervisor running as root (no user in config file)
2016-09-22 14:48:44,895 INFO supervisord started with pid 1
2016-09-22 14:48:45,902 INFO spawned: 'httpd' with pid 7
2016-09-22 14:48:45,940 INFO exited: httpd (exit status 0; not expected)
2016-09-22 14:48:46,945 INFO spawned: 'httpd' with pid 19
2016-09-22 14:48:46,983 INFO exited: httpd (exit status 0; not expected)
2016-09-22 14:48:48,991 INFO spawned: 'httpd' with pid 22
2016-09-22 14:48:49,026 INFO exited: httpd (exit status 0; not expected)
2016-09-22 14:48:52,043 INFO spawned: 'httpd' with pid 25
2016-09-22 14:48:52,081 INFO exited: httpd (exit status 0; not expected)
2016-09-22 14:48:53,085 INFO gave up: httpd entered FATAL state, too many start retries too quickly
2016-09-22 14:54:24,221 WARN received SIGTERM indicating exit request
2016-09-22 14:54:52,770 CRIT Supervisor running as root (no user in config file)
2016-09-22 14:54:52,775 INFO supervisord started with pid 1
2016-09-22 14:54:53,783 INFO spawned: 'httpd' with pid 8
2016-09-22 14:54:53,825 INFO exited: httpd (exit status 0; not expected)
2016-09-22 14:54:54,831 INFO spawned: 'httpd' with pid 11
2016-09-22 14:54:54,869 INFO exited: httpd (exit status 0; not expected)
2016-09-22 14:54:56,877 INFO spawned: 'httpd' with pid 23
2016-09-22 14:54:56,922 INFO exited: httpd (exit status 0; not expected)
2016-09-22 14:54:59,929 INFO spawned: 'httpd' with pid 26
2016-09-22 14:54:59,968 INFO exited: httpd (exit status 0; not expected)
2016-09-22 14:55:00,974 INFO gave up: httpd entered FATAL state, too many start retries too quickly
2016-09-22 15:00:26,068 WARN received SIGTERM indicating exit request
2016-09-22 15:00:30,754 CRIT Supervisor running as root (no user in config file)
2016-09-22 15:00:30,761 INFO supervisord started with pid 1
2016-09-22 15:00:31,774 INFO spawned: 'httpd' with pid 7
2016-09-22 15:00:31,827 INFO exited: httpd (exit status 0; not expected)
2016-09-22 15:00:32,834 INFO spawned: 'httpd' with pid 19
2016-09-22 15:00:32,871 INFO exited: httpd (exit status 0; not expected)
2016-09-22 15:00:34,879 INFO spawned: 'httpd' with pid 22
2016-09-22 15:00:34,916 INFO exited: httpd (exit status 0; not expected)
2016-09-22 15:00:37,923 INFO spawned: 'httpd' with pid 25
2016-09-22 15:00:37,960 INFO exited: httpd (exit status 0; not expected)
2016-09-22 15:00:38,967 INFO gave up: httpd entered FATAL state, too many start retries too quickly
2016-09-22 15:02:02,172 WARN received SIGTERM indicating exit request
